TN:
SF:src/middleware/authGuard.js
FN:3,(anonymous_0)
FNF:1
FNH:1
FNDA:4,(anonymous_0)
DA:1,1
DA:3,1
DA:4,4
DA:5,4
DA:7,1
DA:10,3
DA:11,3
DA:12,1
DA:15,2
DA:16,2
DA:17,1
DA:19,1
DA:20,1
LF:13
LH:13
BRDA:5,0,0,1
BRDA:5,0,1,3
BRDA:11,1,0,1
BRDA:11,1,1,2
BRDA:11,2,0,3
BRDA:11,2,1,2
BRDA:16,3,0,1
BRDA:16,3,1,1
BRF:8
BRH:8
end_of_record
TN:
SF:src/utils/jwt.js
FN:5,generateToken
FN:9,validateToken
FNF:2
FNH:2
FNDA:1,generateToken
FNDA:2,validateToken
DA:1,2
DA:3,2
DA:6,1
DA:10,2
DA:11,2
DA:13,1
DA:17,2
LF:7
LH:7
BRF:0
BRH:0
end_of_record
